L 1 "..\User\Global_Variables.c"
N#include "sc32.h" // ???????????????,????? uint8_t/u8 ?
L 1 "..\FWLib\SC32F1XXX_Lib\inc\sc32.h" 1
N/**
N ******************************************************************************
N * @file    SC32.h
N * @author  SOC AE Team
N * @version V1.9-BetaV0
N * @date    2025-06-20
N * @brief   The macro definition of `assert_param(expr)` is used to check whether 
N            the expression `expr` evaluates to true. If the expression is false, it calls 
N            the `assert_failed` function to report an assertion failure.
N  ******************************************************************************
N  * @attention
N  *
N  *1.This software is supplied by SinOne Microelectronics Co.,Ltd. and is only 
N  *intended for use with SinOne products. No other uses are authorized. This 
N  *software is owned by SinOne Microelectronics Co.,Ltd. and is protected under 
N  *all applicable laws, including copyright laws. 
N  *2.The software which is for guidance only aims at providing customers with 
N  *coding information regarding their products in order for them to save time. 
N  *As a result, SinOne shall not be held liable for any direct, indirect or 
N  *consequential damages with respect to any claims arising from the content of 
N  *such software and/or the use made by customers of the coding information 
N  *contained herein in connection with their products.
N  *
N  *  COPYRIGHT 2025 SinOne Microelectronics
N  ******************************************************************************
N */
N/** @addtogroup CMSIS_Device
N* @{
N*/
N
N/** @addtogroup sc32
N  * @{
N  */
N
N#ifndef SC32_H
N#define SC32_H
N
N#ifdef __cplusplus
S extern "C" {
N#endif
N
N#include <stdint.h>
L 1 "D:\STM32\ARM\ARMCC\Bin\..\include\stdint.h" 1
N/* Copyright (C) ARM Ltd., 1999,2014 */
N/* All rights reserved */
N
N/*
N * RCS $Revision$
N * Checkin $Date$
N * Revising $Author: agrant $
N */
N
N#ifndef __stdint_h
N#define __stdint_h
N#define __ARMCLIB_VERSION 5060034
N
N  #ifdef __INT64_TYPE__
S    /* armclang predefines '__INT64_TYPE__' and '__INT64_C_SUFFIX__' */
S    #define __INT64 __INT64_TYPE__
N  #else
N    /* armcc has builtin '__int64' which can be used in --strict mode */
N    #define __INT64 __int64
N    #define __INT64_C_SUFFIX__ ll
N  #endif
N  #define __PASTE2(x, y) x ## y
N  #define __PASTE(x, y) __PASTE2(x, y)
N  #define __INT64_C(x)  __ESCAPE__(__PASTE(x, __INT64_C_SUFFIX__))
N  #define __UINT64_C(x)  __ESCAPE__(__PASTE(x ## u, __INT64_C_SUFFIX__))
N  #if defined(__clang__) || (defined(__ARMCC_VERSION) && !defined(__STRICT_ANSI__))
X  #if 0L || (1L && !0L)
N    /* armclang and non-strict armcc allow 'long long' in system headers */
N    #define __LONGLONG long long
N  #else
S    /* strict armcc has '__int64' */
S    #define __LONGLONG __int64
N  #endif
N
N  #ifndef __STDINT_DECLS
N  #define __STDINT_DECLS
N
N    #undef __CLIBNS
N
N    #ifdef __cplusplus
S      namespace std {
S          #define __CLIBNS std::
S          extern "C" {
N    #else
N      #define __CLIBNS
N    #endif  /* __cplusplus */
N
N
N/*
N * 'signed' is redundant below, except for 'signed char' and if
N * the typedef is used to declare a bitfield.
N */
N
N    /* 7.18.1.1 */
N
N    /* exact-width signed integer types */
Ntypedef   signed          char int8_t;
Ntypedef   signed short     int int16_t;
Ntypedef   signed           int int32_t;
Ntypedef   signed       __INT64 int64_t;
Xtypedef   signed       __int64 int64_t;
N
N    /* exact-width unsigned integer types */
Ntypedef unsigned          char uint8_t;
Ntypedef unsigned short     int uint16_t;
Ntypedef unsigned           int uint32_t;
Ntypedef unsigned       __INT64 uint64_t;
Xtypedef unsigned       __int64 uint64_t;
N
N    /* 7.18.1.2 */
N
N    /* smallest type of at least n bits */
N    /* minimum-width signed integer types */
Ntypedef   signed          char int_least8_t;
Ntypedef   signed short     int int_least16_t;
Ntypedef   signed           int int_least32_t;
Ntypedef   signed       __INT64 int_least64_t;
Xtypedef   signed       __int64 int_least64_t;
N
N    /* minimum-width unsigned integer types */
Ntypedef unsigned          char uint_least8_t;
Ntypedef unsigned short     int uint_least16_t;
Ntypedef unsigned           int uint_least32_t;
Ntypedef unsigned       __INT64 uint_least64_t;
Xtypedef unsigned       __int64 uint_least64_t;
N
N    /* 7.18.1.3 */
N
N    /* fastest minimum-width signed integer types */
Ntypedef   signed           int int_fast8_t;
Ntypedef   signed           int int_fast16_t;
Ntypedef   signed           int int_fast32_t;
Ntypedef   signed       __INT64 int_fast64_t;
Xtypedef   signed       __int64 int_fast64_t;
N
N    /* fastest minimum-width unsigned integer types */
Ntypedef unsigned           int uint_fast8_t;
Ntypedef unsigned           int uint_fast16_t;
Ntypedef unsigned           int uint_fast32_t;
Ntypedef unsigned       __INT64 uint_fast64_t;
Xtypedef unsigned       __int64 uint_fast64_t;
N
N    /* 7.18.1.4 integer types capable of holding object pointers */
N#if __sizeof_ptr == 8
X#if 4 == 8
Stypedef   signed       __INT64 intptr_t;
Stypedef unsigned       __INT64 uintptr_t;
N#else
Ntypedef   signed           int intptr_t;
Ntypedef unsigned           int uintptr_t;
N#endif
N
N    /* 7.18.1.5 greatest-width integer types */
Ntypedef   signed     __LONGLONG intmax_t;
Xtypedef   signed     long long intmax_t;
Ntypedef unsigned     __LONGLONG uintmax_t;
Xtypedef unsigned     long long uintmax_t;
N
N
N#if !defined(__cplusplus) || defined(__STDC_LIMIT_MACROS)
X#if !0L || 0L
N
N    /* 7.18.2.1 */
N
N    /* minimum values of exact-width signed integer types */
N#define INT8_MIN                   -128
N#define INT16_MIN                -32768
N#define INT32_MIN          (~0x7fffffff)   /* -2147483648 is unsigned */
N#define INT64_MIN  __INT64_C(~0x7fffffffffffffff) /* -9223372036854775808 is unsigned */
N
N    /* maximum values of exact-width signed integer types */
N#define INT8_MAX                    127
N#define INT16_MAX                 32767
N#define INT32_MAX            2147483647
N#define INT64_MAX  __INT64_C(9223372036854775807)
N
N    /* maximum values of exact-width unsigned integer types */
N#define UINT8_MAX                   255
N#define UINT16_MAX                65535
N#define UINT32_MAX           4294967295u
N#define UINT64_MAX __UINT64_C(18446744073709551615)
N
N    /* 7.18.2.2 */
N
N    /* minimum values of minimum-width signed integer types */
N#define INT_LEAST8_MIN                   -128
N#define INT_LEAST16_MIN                -32768
N#define INT_LEAST32_MIN          (~0x7fffffff)
N#define INT_LEAST64_MIN  __INT64_C(~0x7fffffffffffffff)
N
N    /* maximum values of minimum-width signed integer types */
N#define INT_LEAST8_MAX                    127
N#define INT_LEAST16_MAX                 32767
N#define INT_LEAST32_MAX            2147483647
N#define INT_LEAST64_MAX  __INT64_C(9223372036854775807)
N
N    /* maximum values of minimum-width unsigned integer types */
N#define UINT_LEAST8_MAX                   255
N#define UINT_LEAST16_MAX                65535
N#define UINT_LEAST32_MAX           4294967295u
N#define UINT_LEAST64_MAX __UINT64_C(18446744073709551615)
N
N    /* 7.18.2.3 */
N
N    /* minimum values of fastest minimum-width signed integer types */
N#define INT_FAST8_MIN           (~0x7fffffff)
N#define INT_FAST16_MIN          (~0x7fffffff)
N#define INT_FAST32_MIN          (~0x7fffffff)
N#define INT_FAST64_MIN  __INT64_C(~0x7fffffffffffffff)
N
N    /* maximum values of fastest minimum-width signed integer types */
N#define INT_FAST8_MAX             2147483647
N#define INT_FAST16_MAX            2147483647
N#define INT_FAST32_MAX            2147483647
N#define INT_FAST64_MAX  __INT64_C(9223372036854775807)
N
N    /* maximum values of fastest minimum-width unsigned integer types */
N#define UINT_FAST8_MAX            4294967295u
N#define UINT_FAST16_MAX           4294967295u
N#define UINT_FAST32_MAX           4294967295u
N#define UINT_FAST64_MAX __UINT64_C(18446744073709551615)
N
N    /* 7.18.2.4 */
N
N    /* minimum value of pointer-holding signed integer type */
N#if __sizeof_ptr == 8
X#if 4 == 8
S#define INTPTR_MIN INT64_MIN
N#else
N#define INTPTR_MIN INT32_MIN
N#endif
N
N    /* maximum value of pointer-holding signed integer type */
N#if __sizeof_ptr == 8
X#if 4 == 8
S#define INTPTR_MAX INT64_MAX
N#else
N#define INTPTR_MAX INT32_MAX
N#endif
N
N    /* maximum value of pointer-holding unsigned integer type */
N#if __sizeof_ptr == 8
X#if 4 == 8
S#define UINTPTR_MAX UINT64_MAX
N#else
N#define UINTPTR_MAX UINT32_MAX
N#endif
N
N    /* 7.18.2.5 */
N
N    /* minimum value of greatest-width signed integer type */
N#define INTMAX_MIN  __ESCAPE__(~0x7fffffffffffffffll)
N
N    /* maximum value of greatest-width signed integer type */
N#define INTMAX_MAX  __ESCAPE__(9223372036854775807ll)
N
N    /* maximum value of greatest-width unsigned integer type */
N#define UINTMAX_MAX __ESCAPE__(18446744073709551615ull)
N
N    /* 7.18.3 */
N
N    /* limits of ptrdiff_t */
N#if __sizeof_ptr == 8
X#if 4 == 8
S#define PTRDIFF_MIN INT64_MIN
S#define PTRDIFF_MAX INT64_MAX
N#else
N#define PTRDIFF_MIN INT32_MIN
N#define PTRDIFF_MAX INT32_MAX
N#endif
N
N    /* limits of sig_atomic_t */
N#define SIG_ATOMIC_MIN (~0x7fffffff)
N#define SIG_ATOMIC_MAX   2147483647
N
N    /* limit of size_t */
N#if __sizeof_ptr == 8
X#if 4 == 8
S#define SIZE_MAX UINT64_MAX
N#else
N#define SIZE_MAX UINT32_MAX
N#endif
N
N    /* limits of wchar_t */
N    /* NB we have to undef and redef because they're defined in both
N     * stdint.h and wchar.h */
N#undef WCHAR_MIN
N#undef WCHAR_MAX
N
N#if defined(__WCHAR32) || (defined(__ARM_SIZEOF_WCHAR_T) && __ARM_SIZEOF_WCHAR_T == 4)
X#if 0L || (0L && __ARM_SIZEOF_WCHAR_T == 4)
S  #define WCHAR_MIN   0
S  #define WCHAR_MAX   0xffffffffU
N#else
N  #define WCHAR_MIN   0
N  #define WCHAR_MAX   65535
N#endif
N
N    /* limits of wint_t */
N#define WINT_MIN (~0x7fffffff)
N#define WINT_MAX 2147483647
N
N#endif /* __STDC_LIMIT_MACROS */
N
N#if !defined(__cplusplus) || defined(__STDC_CONSTANT_MACROS)
X#if !0L || 0L
N
N    /* 7.18.4.1 macros for minimum-width integer constants */
N#define INT8_C(x)   (x)
N#define INT16_C(x)  (x)
N#define INT32_C(x)  (x)
N#define INT64_C(x)  __INT64_C(x)
N
N#define UINT8_C(x)  (x ## u)
N#define UINT16_C(x) (x ## u)
N#define UINT32_C(x) (x ## u)
N#define UINT64_C(x) __UINT64_C(x)
N
N    /* 7.18.4.2 macros for greatest-width integer constants */
N#define INTMAX_C(x)  __ESCAPE__(x ## ll)
N#define UINTMAX_C(x) __ESCAPE__(x ## ull)
N
N#endif /* __STDC_CONSTANT_MACROS */
N
N    #ifdef __cplusplus
S         }  /* extern "C" */
S      }  /* namespace std */
N    #endif /* __cplusplus */
N  #endif /* __STDINT_DECLS */
N
N  #ifdef __cplusplus
S    #ifndef __STDINT_NO_EXPORTS
S      using ::std::int8_t;
S      using ::std::int16_t;
S      using ::std::int32_t;
S      using ::std::int64_t;
S      using ::std::uint8_t;
S      using ::std::uint16_t;
S      using ::std::uint32_t;
S      using ::std::uint64_t;
S      using ::std::int_least8_t;
S      using ::std::int_least16_t;
S      using ::std::int_least32_t;
S      using ::std::int_least64_t;
S      using ::std::uint_least8_t;
S      using ::std::uint_least16_t;
S      using ::std::uint_least32_t;
S      using ::std::uint_least64_t;
S      using ::std::int_fast8_t;
S      using ::std::int_fast16_t;
S      using ::std::int_fast32_t;
S      using ::std::int_fast64_t;
S      using ::std::uint_fast8_t;
S      using ::std::uint_fast16_t;
S      using ::std::uint_fast32_t;
S      using ::std::uint_fast64_t;
S      using ::std::intptr_t;
S      using ::std::uintptr_t;
S      using ::std::intmax_t;
S      using ::std::uintmax_t;
S    #endif
N  #endif /* __cplusplus */
N
N#undef __INT64
N#undef __LONGLONG
N
N#endif /* __stdint_h */
N
N/* end of stdint.h */
L 43 "..\FWLib\SC32F1XXX_Lib\inc\sc32.h" 2
N
N/* Exported macro ------------------------------------------------------------*/
N#ifdef  USE_FULL_ASSERT
S/**
S  * @brief  The assert_param macro is used for function's parameters check.
S  * @param  expr: If expr is false, it calls assert_failed function
S  *         which reports the name of the source file and the source
S  *         line number of the call that failed.
S  *         If expr is true, it returns no value.
S  * @retval None
S  */
S#define assert_param(expr) ((expr) ? (void)0 : assert_failed((uint8_t *)__FILE__, __LINE__))
S/* Exported functions ------------------------------------------------------- */
Svoid assert_failed(uint8_t* file, uint32_t line);
N#else
N#define assert_param(expr) ((void)0U)
N#endif /* USE_FULL_ASSERT */
N
N
N#ifdef __cplusplus
S}
N#endif /* __cplusplus */
N
N#endif /* SC32_H */
N
N/**
N  * @}
N  */
N
N/**
N* @}
N*/
N
N/************************ (C) COPYRIGHT SIN ONE CHIP *****END OF FILE****/
L 2 "..\User\Global_Variables.c" 2
N
N// ==========================================
N//  ????????
N// ==========================================
Nuint8_t menu_page = 0;           // ??????
Nuint8_t menu_choice = 1;         // ??????????
Nuint16_t Encoder_Count_last = 0; // ????????
Nuint8_t Encoder_mode = 0;        // ????
N
N// ==========================================
N//  ?????????
N// ==========================================
N// ????????
Nuint8_t is_show[10] = {1, 1, 1, 1, 1, 1, 1, 1, 1, 1}; 
N
Nuint8_t CH1_TIME_DIV_mode = 0;   // CH1 ????
Nuint8_t CH1_VOLT_DIV_mode = 0;   // CH1 ????
Nuint8_t CH2_TIME_DIV_mode = 0;   // CH2 ????
Nuint8_t CH2_VOLT_DIV_mode = 0;   // CH2 ????
Nuint8_t Trigger_mode = 0;        // ????
N
N// ??????
Nint16_t Horiziontal1_offset = 0;
Nint16_t Vertical1_offset = 0;
Nint16_t Horiziontal2_offset = 0;
Nint16_t Vertical2_offset = 0;
N
N// ==========================================
N//  ????????
N// ==========================================
Nuint8_t Wave_show_mode = 0;
Nuint8_t show_wave_save_count = 0;
Nuint8_t wave_save_count = 0;
Nuint8_t uart3_enable = 0;
N
N// ==========================================
N//  ??????? (???????)
X
N// ==========================================
N// ??????????,?????????????
Nchar* CH1_TIME_DIV[] = {
N    "10us", "20us", "50us", "100us", "200us", "500us",
N    "1ms",  "2ms",  "5ms",  "10ms",  "20ms",  "50ms",
N    "100ms","200ms","500ms","1s",    "2s",    "5s"
N};
N
Nchar* CH2_TIME_DIV[] = {
N    "10us", "20us", "50us", "100us", "200us", "500us",
N    "1ms",  "2ms",  "5ms",  "10ms",  "20ms",  "50ms",
N    "100ms","200ms","500ms","1s",    "2s",    "5s"
N};
N
Nchar* CH1_VOLT_DIV[] = {
N    "10mV", "20mV", "50mV", "100mV", "200mV", "500mV", "1V", "2V"
N};
N
Nchar* CH2_VOLT_DIV[] = {
N    "10mV", "20mV", "50mV", "100mV", "200mV", "500mV", "1V", "2V"
N};
N
Nchar* Trigger[] = {
N    "Auto", "Normal", "Single"
N};
N
N// ==========================================
N//  ????????
N// ==========================================
N// ?????????,????????? 
N// ??????? 500 ? 1000,?????????
Nuint16_t wave1_value[1000] = {0}; 
Nuint16_t wave2_value[1000] = {0};
N
N// ???????? (5?,??200?)
Nuint16_t wave1_save_value[5][200] = {0}; 
W "..\User\Global_Variables.c" 75 41 last line of file ends without a newline
Nuint16_t wave2_save_value[5][200] = {0};
