


ARM Macro Assembler    Page 1 


    1 00000000         ;*******************************************************
                       ***********************
    2 00000000         ;* File Name          : startup_xx.s
    3 00000000         ;* Author             : SOC SA Team
    4 00000000         ;* Description        : SC32F11XXB devices vector table 
                       for MDK-ARM toolchain.
    5 00000000         ;*                      This module performs:
    6 00000000         ;*                      - Set the initial SP
    7 00000000         ;*                      - Set the initial PC == Reset_Ha
                       ndler
    8 00000000         ;*                      - Set the vector table entries w
                       ith the exceptions ISR address
    9 00000000         ;*                      - Branches to __main in the C li
                       brary (which eventually
   10 00000000         ;*                        calls main()).
   11 00000000         ;*                      After Reset the CortexM0 process
                       or is in Thread mode,
   12 00000000         ;*                      priority is Privileged, and the 
                       Stack is set to Main.
   13 00000000         ;* <<< Use Configuration Wizard in Context Menu >>>
   14 00000000         ;*******************************************************
                       *********************** 
   15 00000000         ; Amount of memory (in bytes) allocated for Stack
   16 00000000         ; Tailor this value to your application needs
   17 00000000         ; <h> Stack Configuration
   18 00000000         ;   <o> Stack Size (in Bytes) <0x0-0xFFFFFFFF:8>
   19 00000000         ; </h>
   20 00000000         
   21 00000000 00000400 
                       Stack_Size
                               EQU              0x00000400
   22 00000000         
   23 00000000                 AREA             STACK, NOINIT, READWRITE, ALIGN
=3
   24 00000000         Stack_Mem
                               SPACE            Stack_Size
   25 00000400         __initial_sp
   26 00000400         
   27 00000400         
   28 00000400         ; <h> Heap Configuration
   29 00000400         ;   <o>  Heap Size (in Bytes) <0x0-0xFFFFFFFF:8>
   30 00000400         ; </h>
   31 00000400         
   32 00000400 00000200 
                       Heap_Size
                               EQU              0x00000200
   33 00000400         
   34 00000400                 AREA             HEAP, NOINIT, READWRITE, ALIGN=
3
   35 00000000         __heap_base
   36 00000000         Heap_Mem
                               SPACE            Heap_Size
   37 00000200         __heap_limit
   38 00000200         
   39 00000200                 PRESERVE8
   40 00000200                 THUMB
   41 00000200         
   42 00000200         
   43 00000200         ; Vector Table Mapped to Address 0 at Reset



ARM Macro Assembler    Page 2 


   44 00000200                 AREA             RESET, DATA, READONLY
   45 00000000                 EXPORT           __Vectors
   46 00000000                 EXPORT           __Vectors_End
   47 00000000                 EXPORT           __Vectors_Size
   48 00000000         
   49 00000000 00000000 
                       __Vectors
                               DCD              __initial_sp ; Top of Stack
   50 00000004 00000000        DCD              Reset_Handler ; Reset Handler
   51 00000008 00000000        DCD              NMI_Handler ; NMI Handler
   52 0000000C 00000000        DCD              HardFault_Handler ; Hard Fault 
                                                            Handler
   53 00000010 00000000        DCD              MemManage_Handler 
                                                            ; MPU Fault Handler
                                                            
   54 00000014 00000000        DCD              BusFault_Handler 
                                                            ; Bus Fault Handler
                                                            
   55 00000018 00000000        DCD              UsageFault_Handler ; Usage Faul
                                                            t Handler
   56 0000001C 00000000        DCD              0           ; Reserved
   57 00000020 00000000        DCD              0           ; Reserved
   58 00000024 00000000        DCD              0           ; Reserved
   59 00000028 00000000        DCD              0           ; Reserved
   60 0000002C 00000000        DCD              SVC_Handler ; SVCall Handler
   61 00000030 00000000        DCD              DebugMon_Handler ; Debug Monito
                                                            r Handler
   62 00000034 00000000        DCD              0           ; Reserved
   63 00000038 00000000        DCD              PendSV_Handler ; PendSV Handler
                                                            
   64 0000003C 00000000        DCD              SysTick_IRQHandler 
                                                            ; SysTick Handler
   65 00000040         
   66 00000040         ; External Interrupts
   67 00000040 00000000        DCD              INT0_IRQHandler ; INT0
   68 00000044 00000000        DCD              INT1_7_IRQHandler ; INT1~INT17
   69 00000048 00000000        DCD              INT8_11_IRQHandler ; INT8~INT11
                                                            
   70 0000004C 00000000        DCD              INT12_15_IRQHandler 
                                                            ; INT12~INT15
   71 00000050 00000000        DCD              RCC_IRQHandler ; RCC£º£ºVibrati
                                                            on stop detection
   72 00000054 00000000        DCD              0           ; LDP
   73 00000058 00000000        DCD              BTM_IRQHandler ; BTM
   74 0000005C 00000000        DCD              UART0_2_4_IRQHandler ; UART0-UA
                                                            RT2(LIN)-UART4
   75 00000060 00000000        DCD              UART1_3_5_IRQHandler 
                                                            ; UART1-UART3-UART5
                                                            
   76 00000064 00000000        DCD              TWIx_QSPIx_0_2_IRQHandler ; TWI
                                                            _QSPIx_0_2_IRQn
   77 00000068 00000000        DCD              TWIx_QSPIx_1_3_IRQHandler ; TWI
                                                            _QSPIx_1_3_IRQn
   78 0000006C 00000000        DCD              DMA0_IRQHandler ; DMA0
   79 00000070 00000000        DCD              DMA1_IRQHandler ; DMA1
   80 00000074 00000000        DCD              DMA2_IRQHandler ; DMA2
   81 00000078 00000000        DCD              DMA3_IRQHandler ; DMA3
   82 0000007C 00000000        DCD              TIMER0_IRQHandler ; TIMER0
   83 00000080 00000000        DCD              TIMER1_IRQHandler ; TIMER1



ARM Macro Assembler    Page 3 


   84 00000084 00000000        DCD              TIMER2_IRQHandler ; TIMER2
   85 00000088 00000000        DCD              TIMER3_IRQHandler ; TIMER3
   86 0000008C 00000000        DCD              TIMER4_5_IRQHandler 
                                                            ; TIMER4-TIMER5
   87 00000090 00000000        DCD              TIMER6_7_IRQHandler 
                                                            ; TIMER6-TIMER7
   88 00000094 00000000        DCD              PWM0_IRQHandler ; PWM0
   89 00000098 00000000        DCD              LEDPWM_IRQHandler ; LEDPWM
   90 0000009C 00000000        DCD              0           ; Reserved 
   91 000000A0 00000000        DCD              0           ; Reserved 
   92 000000A4 00000000        DCD              0           ; Reserved
   93 000000A8 00000000        DCD              0           ; Reserved
   94 000000AC 00000000        DCD              0           ; Reserved 
   95 000000B0 00000000        DCD              CAN_IRQHandler ; CAN
   96 000000B4 00000000        DCD              ADC_IRQHandler ; ADC
   97 000000B8 00000000        DCD              CMP_IRQHandler ; CMP
   98 000000BC 00000000        DCD              TK_IRQHandler 
                                                            ; TK               
                                                            
   99 000000C0         
  100 000000C0         __Vectors_End
  101 000000C0         
  102 000000C0 000000C0 
                       __Vectors_Size
                               EQU              __Vectors_End - __Vectors
  103 000000C0         
  104 000000C0                 AREA             |.text|, CODE, READONLY
  105 00000000         
  106 00000000         ; Reset handler routine
  107 00000000         Reset_Handler
                               PROC
  108 00000000                 EXPORT           Reset_Handler                  
[WEAK]
  109 00000000                 IMPORT           __main
  110 00000000                 IMPORT           SystemInit
  111 00000000         
  112 00000000 4820            LDR              R0,=0x40003000
  113 00000002 6801            LDR              R1,[R0]
  114 00000004 4A20            LDR              R2,=0x00000001
  115 00000006 4311            ORRS             R1,R1,R2
  116 00000008 6001            STR              R1,[R0]     ;AHB_CFG  Enable th
                                                            e DMA clock
  117 0000000A         
  118 0000000A 4820            LDR              R0,=0x4001083C
  119 0000000C 4920            LDR              R1,=0xA05F0100
  120 0000000E 6001            STR              R1,[R0]     ;DMA0_REV
  121 00000010         
  122 00000010 4820            LDR              R0,=0x4001087C
  123 00000012 491F            LDR              R1,=0xA05F0100
  124 00000014 6001            STR              R1,[R0]     ;DMA1_REV
  125 00000016         
  126 00000016 4820            LDR              R0,=0x400108BC
  127 00000018 491D            LDR              R1,=0xA05F0100
  128 0000001A 6001            STR              R1,[R0]     ;DMA2_REV
  129 0000001C         
  130 0000001C 481F            LDR              R0,=0x400108FC
  131 0000001E 491C            LDR              R1,=0xA05F0100
  132 00000020 6001            STR              R1,[R0]     ;DMA3_REV
  133 00000022         



ARM Macro Assembler    Page 4 


  134 00000022 4818            LDR              R0,=0x40003000
  135 00000024 6801            LDR              R1,[R0]
  136 00000026 4A1E            LDR              R2,=0xFFFFFFFE
  137 00000028 4011            ANDS             R1,R1,R2
  138 0000002A 6001            STR              R1,[R0]     ;AHB_CFG  Disable t
                                                            he DMA clock
  139 0000002C         
  140 0000002C 481D            LDR              R0,=0x40003010
  141 0000002E 491E            LDR              R1,=0xA05FF010
  142 00000030 6001            STR              R1,[R0]     ;RCC_REV
  143 00000032         
  144 00000032 481E            LDR              R0,=0x400003DC
  145 00000034 491E            LDR              R1,=0xA05FF001
  146 00000036 6001            STR              R1,[R0]     ;IAP_REV
  147 00000038         
  148 00000038 481E            LDR              R0,=0x40021000
  149 0000003A 491F            LDR              R1,=0x00800020
  150 0000003C 6001            STR              R1,[R0]     ;APB1_CFG  Enable A
                                                            PB1 and SPI1_TWI1 c
                                                            locks
  151 0000003E         
  152 0000003E 481F            LDR              R0,=0x4002105C
  153 00000040 491F            LDR              R1,=0xA05F0080
  154 00000042 6001            STR              R1,[R0]     ;SPI1_REV
  155 00000044         
  156 00000044 481B            LDR              R0,=0x40021000
  157 00000046 491F            LDR              R1,=0x00000000
  158 00000048 6001            STR              R1,[R0]     ;APB1_CFG Disable t
                                                            he APB1 clock 
  159 0000004A         
  160 0000004A 481F            LDR              R0,=0x40022000
  161 0000004C 491F            LDR              R1,=0x00800040
  162 0000004E 6001            STR              R1,[R0]     ;APB2_CFG  Enable A
                                                            PB2 and ADC clocks 
                                                                
  163 00000050         
  164 00000050 481F            LDR              R0,=0x4002213C
  165 00000052 4920            LDR              R1,=0xA05F0F00
  166 00000054 6001            STR              R1,[R0]     ;ADC_REV  
  167 00000056         
  168 00000056 481C            LDR              R0,=0x40022000
  169 00000058 491A            LDR              R1,=0x00000000
  170 0000005A 6001            STR              R1,[R0]     ;APB2_CFG  Disable 
                                                            the APB2 clock 
  171 0000005C         
  172 0000005C 481E            LDR              R0, =SystemInit
  173 0000005E 4780            BLX              R0
  174 00000060 481E            LDR              R0, =__main
  175 00000062 4700            BX               R0
  176 00000064                 ENDP
  177 00000064         
  178 00000064         ; Dummy Exception Handlers (infinite loops which can be 
                       modified)
  179 00000064         
  180 00000064         NMI_Handler
                               PROC
  181 00000064                 EXPORT           NMI_Handler                    
 [WEAK]
  182 00000064 E7FE            B                .



ARM Macro Assembler    Page 5 


  183 00000066                 ENDP
  185 00000066         HardFault_Handler
                               PROC
  186 00000066                 EXPORT           HardFault_Handler              
 [WEAK]
  187 00000066 E7FE            B                .
  188 00000068                 ENDP
  190 00000068         MemManage_Handler
                               PROC
  191 00000068                 EXPORT           MemManage_Handler              
 [WEAK]
  192 00000068 E7FE            B                .
  193 0000006A                 ENDP
  195 0000006A         BusFault_Handler
                               PROC
  196 0000006A                 EXPORT           BusFault_Handler               
 [WEAK]
  197 0000006A E7FE            B                .
  198 0000006C                 ENDP
  200 0000006C         UsageFault_Handler
                               PROC
  201 0000006C                 EXPORT           UsageFault_Handler             
 [WEAK]
  202 0000006C E7FE            B                .
  203 0000006E                 ENDP
  204 0000006E         SVC_Handler
                               PROC
  205 0000006E                 EXPORT           SVC_Handler                    
 [WEAK]
  206 0000006E E7FE            B                .
  207 00000070                 ENDP
  209 00000070         DebugMon_Handler
                               PROC
  210 00000070                 EXPORT           DebugMon_Handler               
 [WEAK]
  211 00000070 E7FE            B                .
  212 00000072                 ENDP
  213 00000072         PendSV_Handler
                               PROC
  214 00000072                 EXPORT           PendSV_Handler                 
 [WEAK]
  215 00000072 E7FE            B                .
  216 00000074                 ENDP
  217 00000074         SysTick_IRQHandler
                               PROC
  218 00000074                 EXPORT           SysTick_IRQHandler             
    [WEAK]
  219 00000074 E7FE            B                .
  220 00000076                 ENDP
  221 00000076         
  222 00000076         Default_Handler
                               PROC
  223 00000076         
  224 00000076                 EXPORT           INT0_IRQHandler                
[WEAK]
  225 00000076                 EXPORT           INT1_7_IRQHandler              
[WEAK]
  226 00000076                 EXPORT           INT8_11_IRQHandler             
[WEAK]



ARM Macro Assembler    Page 6 


  227 00000076                 EXPORT           INT12_15_IRQHandler   [WEAK]
  228 00000076                 EXPORT           RCC_IRQHandler                [
WEAK]
  229 00000076                 EXPORT           BTM_IRQHandler               [W
EAK]
  230 00000076                 EXPORT           UART0_2_4_IRQHandler           
 [WEAK]
  231 00000076                 EXPORT           UART1_3_5_IRQHandler           
 [WEAK]
  232 00000076                 EXPORT           TWIx_QSPIx_0_2_IRQHandler      
 [WEAK]
  233 00000076                 EXPORT           TWIx_QSPIx_1_3_IRQHandler      
[WEAK]
  234 00000076                 EXPORT           DMA0_IRQHandler     [WEAK]
  235 00000076                 EXPORT           DMA1_IRQHandler                
 [WEAK]
  236 00000076                 EXPORT           DMA2_IRQHandler     [WEAK]
  237 00000076                 EXPORT           DMA3_IRQHandler              [W
EAK]
  238 00000076                 EXPORT           TIMER0_IRQHandler              
 [WEAK]
  239 00000076                 EXPORT           TIMER1_IRQHandler              
 [WEAK]
  240 00000076                 EXPORT           TIMER2_IRQHandler              
 [WEAK]
  241 00000076                 EXPORT           TIMER3_IRQHandler              
 [WEAK]
  242 00000076                 EXPORT           TIMER4_5_IRQHandler            
 [WEAK]
  243 00000076                 EXPORT           TIMER6_7_IRQHandler            
 [WEAK]
  244 00000076                 EXPORT           PWM0_IRQHandler                
[WEAK]
  245 00000076                 EXPORT           LEDPWM_IRQHandler              
 [WEAK]
  246 00000076                 EXPORT           CAN_IRQHandler                 
 [WEAK]
  247 00000076                 EXPORT           ADC_IRQHandler                 
 [WEAK]
  248 00000076                 EXPORT           CMP_IRQHandler                 
 [WEAK]
  249 00000076                 EXPORT           TK_IRQHandler                  
 [WEAK]
  250 00000076         
  251 00000076         INT0_IRQHandler
  252 00000076         INT1_7_IRQHandler
  253 00000076         INT8_11_IRQHandler
  254 00000076         INT12_15_IRQHandler
  255 00000076         RCC_IRQHandler
  256 00000076         BTM_IRQHandler
  257 00000076         UART0_2_4_IRQHandler
  258 00000076         UART1_3_5_IRQHandler
  259 00000076         TWIx_QSPIx_0_2_IRQHandler
  260 00000076         TWIx_QSPIx_1_3_IRQHandler
  261 00000076         DMA0_IRQHandler
  262 00000076         DMA1_IRQHandler
  263 00000076         DMA2_IRQHandler
  264 00000076         DMA3_IRQHandler
  265 00000076         TIMER0_IRQHandler



ARM Macro Assembler    Page 7 


  266 00000076         TIMER1_IRQHandler
  267 00000076         TIMER2_IRQHandler
  268 00000076         TIMER3_IRQHandler
  269 00000076         TIMER4_5_IRQHandler
  270 00000076         TIMER6_7_IRQHandler
  271 00000076         PWM0_IRQHandler
  272 00000076         LEDPWM_IRQHandler
  273 00000076         CAN_IRQHandler
  274 00000076         ADC_IRQHandler
  275 00000076         CMP_IRQHandler
  276 00000076         TK_IRQHandler
  277 00000076         
  278 00000076 E7FE            B                .
  279 00000078         
  280 00000078                 ENDP
  281 00000078         
  282 00000078                 ALIGN
  283 00000078         
  284 00000078         ;*******************************************************
                       ************************
  285 00000078         ; User Stack and Heap initialization
  286 00000078         ;*******************************************************
                       ************************
  287 00000078                 IF               :DEF:__MICROLIB
  294 00000078         
  295 00000078                 IMPORT           __use_two_region_memory
  296 00000078                 EXPORT           __user_initial_stackheap
  297 00000078         
  298 00000078         __user_initial_stackheap
  299 00000078         
  300 00000078 4819            LDR              R0, =  Heap_Mem
  301 0000007A 491A            LDR              R1, =(Stack_Mem + Stack_Size)
  302 0000007C 4A1A            LDR              R2, = (Heap_Mem +  Heap_Size)
  303 0000007E 4B1B            LDR              R3, = Stack_Mem
  304 00000080 4770            BX               LR
  305 00000082         
  306 00000082 00 00           ALIGN
  307 00000084         
  308 00000084                 ENDIF
  309 00000084         
  310 00000084                 END
              40003000 
              00000001 
              4001083C 
              A05F0100 
              4001087C 
              400108BC 
              400108FC 
              FFFFFFFE 
              40003010 
              A05FF010 
              400003DC 
              A05FF001 
              40021000 
              00800020 
              4002105C 
              A05F0080 
              00000000 
              40022000 



ARM Macro Assembler    Page 8 


              00800040 
              4002213C 
              A05F0F00 
              00000000 
              00000000 
              00000000 
              00000400 
              00000200 
              00000000 
Command Line: --debug --xref --diag_suppress=9931 --cpu=Cortex-M0+ --apcs=inter
work --depend=..\output\startup_sc32r803.d -o..\output\startup_sc32r803.o -ID:\
STM32\ARM\PACK\Keil\SC32F1xxx_DFP\1.1.5\Device\SC32F10xx\FWLib\SC32_Lib\inc --p
redefine="__UVISION_VERSION SETA 540" --list=..\list\startup_sc32r803.lst start
up_sc32r803.s



ARM Macro Assembler    Page 1 Alphabetic symbol ordering
Relocatable symbols

STACK 00000000

Symbol: STACK
   Definitions
      At line 23 in file startup_sc32r803.s
   Uses
      None
Comment: STACK unused
Stack_Mem 00000000

Symbol: Stack_Mem
   Definitions
      At line 24 in file startup_sc32r803.s
   Uses
      At line 301 in file startup_sc32r803.s
      At line 303 in file startup_sc32r803.s

__initial_sp 00000400

Symbol: __initial_sp
   Definitions
      At line 25 in file startup_sc32r803.s
   Uses
      At line 49 in file startup_sc32r803.s
Comment: __initial_sp used once
3 symbols



ARM Macro Assembler    Page 1 Alphabetic symbol ordering
Relocatable symbols

HEAP 00000000

Symbol: HEAP
   Definitions
      At line 34 in file startup_sc32r803.s
   Uses
      None
Comment: HEAP unused
Heap_Mem 00000000

Symbol: Heap_Mem
   Definitions
      At line 36 in file startup_sc32r803.s
   Uses
      At line 300 in file startup_sc32r803.s
      At line 302 in file startup_sc32r803.s

__heap_base 00000000

Symbol: __heap_base
   Definitions
      At line 35 in file startup_sc32r803.s
   Uses
      None
Comment: __heap_base unused
__heap_limit 00000200

Symbol: __heap_limit
   Definitions
      At line 37 in file startup_sc32r803.s
   Uses
      None
Comment: __heap_limit unused
4 symbols



ARM Macro Assembler    Page 1 Alphabetic symbol ordering
Relocatable symbols

RESET 00000000

Symbol: RESET
   Definitions
      At line 44 in file startup_sc32r803.s
   Uses
      None
Comment: RESET unused
__Vectors 00000000

Symbol: __Vectors
   Definitions
      At line 49 in file startup_sc32r803.s
   Uses
      At line 45 in file startup_sc32r803.s
      At line 102 in file startup_sc32r803.s

__Vectors_End 000000C0

Symbol: __Vectors_End
   Definitions
      At line 100 in file startup_sc32r803.s
   Uses
      At line 46 in file startup_sc32r803.s
      At line 102 in file startup_sc32r803.s

3 symbols



ARM Macro Assembler    Page 1 Alphabetic symbol ordering
Relocatable symbols

.text 00000000

Symbol: .text
   Definitions
      At line 104 in file startup_sc32r803.s
   Uses
      None
Comment: .text unused
ADC_IRQHandler 00000076

Symbol: ADC_IRQHandler
   Definitions
      At line 274 in file startup_sc32r803.s
   Uses
      At line 96 in file startup_sc32r803.s
      At line 247 in file startup_sc32r803.s

BTM_IRQHandler 00000076

Symbol: BTM_IRQHandler
   Definitions
      At line 256 in file startup_sc32r803.s
   Uses
      At line 73 in file startup_sc32r803.s
      At line 229 in file startup_sc32r803.s

BusFault_Handler 0000006A

Symbol: BusFault_Handler
   Definitions
      At line 195 in file startup_sc32r803.s
   Uses
      At line 54 in file startup_sc32r803.s
      At line 196 in file startup_sc32r803.s

CAN_IRQHandler 00000076

Symbol: CAN_IRQHandler
   Definitions
      At line 273 in file startup_sc32r803.s
   Uses
      At line 95 in file startup_sc32r803.s
      At line 246 in file startup_sc32r803.s

CMP_IRQHandler 00000076

Symbol: CMP_IRQHandler
   Definitions
      At line 275 in file startup_sc32r803.s
   Uses
      At line 97 in file startup_sc32r803.s
      At line 248 in file startup_sc32r803.s

DMA0_IRQHandler 00000076

Symbol: DMA0_IRQHandler
   Definitions
      At line 261 in file startup_sc32r803.s
   Uses



ARM Macro Assembler    Page 2 Alphabetic symbol ordering
Relocatable symbols

      At line 78 in file startup_sc32r803.s
      At line 234 in file startup_sc32r803.s

DMA1_IRQHandler 00000076

Symbol: DMA1_IRQHandler
   Definitions
      At line 262 in file startup_sc32r803.s
   Uses
      At line 79 in file startup_sc32r803.s
      At line 235 in file startup_sc32r803.s

DMA2_IRQHandler 00000076

Symbol: DMA2_IRQHandler
   Definitions
      At line 263 in file startup_sc32r803.s
   Uses
      At line 80 in file startup_sc32r803.s
      At line 236 in file startup_sc32r803.s

DMA3_IRQHandler 00000076

Symbol: DMA3_IRQHandler
   Definitions
      At line 264 in file startup_sc32r803.s
   Uses
      At line 81 in file startup_sc32r803.s
      At line 237 in file startup_sc32r803.s

DebugMon_Handler 00000070

Symbol: DebugMon_Handler
   Definitions
      At line 209 in file startup_sc32r803.s
   Uses
      At line 61 in file startup_sc32r803.s
      At line 210 in file startup_sc32r803.s

Default_Handler 00000076

Symbol: Default_Handler
   Definitions
      At line 222 in file startup_sc32r803.s
   Uses
      None
Comment: Default_Handler unused
HardFault_Handler 00000066

Symbol: HardFault_Handler
   Definitions
      At line 185 in file startup_sc32r803.s
   Uses
      At line 52 in file startup_sc32r803.s
      At line 186 in file startup_sc32r803.s

INT0_IRQHandler 00000076

Symbol: INT0_IRQHandler



ARM Macro Assembler    Page 3 Alphabetic symbol ordering
Relocatable symbols

   Definitions
      At line 251 in file startup_sc32r803.s
   Uses
      At line 67 in file startup_sc32r803.s
      At line 224 in file startup_sc32r803.s

INT12_15_IRQHandler 00000076

Symbol: INT12_15_IRQHandler
   Definitions
      At line 254 in file startup_sc32r803.s
   Uses
      At line 70 in file startup_sc32r803.s
      At line 227 in file startup_sc32r803.s

INT1_7_IRQHandler 00000076

Symbol: INT1_7_IRQHandler
   Definitions
      At line 252 in file startup_sc32r803.s
   Uses
      At line 68 in file startup_sc32r803.s
      At line 225 in file startup_sc32r803.s

INT8_11_IRQHandler 00000076

Symbol: INT8_11_IRQHandler
   Definitions
      At line 253 in file startup_sc32r803.s
   Uses
      At line 69 in file startup_sc32r803.s
      At line 226 in file startup_sc32r803.s

LEDPWM_IRQHandler 00000076

Symbol: LEDPWM_IRQHandler
   Definitions
      At line 272 in file startup_sc32r803.s
   Uses
      At line 89 in file startup_sc32r803.s
      At line 245 in file startup_sc32r803.s

MemManage_Handler 00000068

Symbol: MemManage_Handler
   Definitions
      At line 190 in file startup_sc32r803.s
   Uses
      At line 53 in file startup_sc32r803.s
      At line 191 in file startup_sc32r803.s

NMI_Handler 00000064

Symbol: NMI_Handler
   Definitions
      At line 180 in file startup_sc32r803.s
   Uses
      At line 51 in file startup_sc32r803.s
      At line 181 in file startup_sc32r803.s



ARM Macro Assembler    Page 4 Alphabetic symbol ordering
Relocatable symbols


PWM0_IRQHandler 00000076

Symbol: PWM0_IRQHandler
   Definitions
      At line 271 in file startup_sc32r803.s
   Uses
      At line 88 in file startup_sc32r803.s
      At line 244 in file startup_sc32r803.s

PendSV_Handler 00000072

Symbol: PendSV_Handler
   Definitions
      At line 213 in file startup_sc32r803.s
   Uses
      At line 63 in file startup_sc32r803.s
      At line 214 in file startup_sc32r803.s

RCC_IRQHandler 00000076

Symbol: RCC_IRQHandler
   Definitions
      At line 255 in file startup_sc32r803.s
   Uses
      At line 71 in file startup_sc32r803.s
      At line 228 in file startup_sc32r803.s

Reset_Handler 00000000

Symbol: Reset_Handler
   Definitions
      At line 107 in file startup_sc32r803.s
   Uses
      At line 50 in file startup_sc32r803.s
      At line 108 in file startup_sc32r803.s

SVC_Handler 0000006E

Symbol: SVC_Handler
   Definitions
      At line 204 in file startup_sc32r803.s
   Uses
      At line 60 in file startup_sc32r803.s
      At line 205 in file startup_sc32r803.s

SysTick_IRQHandler 00000074

Symbol: SysTick_IRQHandler
   Definitions
      At line 217 in file startup_sc32r803.s
   Uses
      At line 64 in file startup_sc32r803.s
      At line 218 in file startup_sc32r803.s

TIMER0_IRQHandler 00000076

Symbol: TIMER0_IRQHandler
   Definitions



ARM Macro Assembler    Page 5 Alphabetic symbol ordering
Relocatable symbols

      At line 265 in file startup_sc32r803.s
   Uses
      At line 82 in file startup_sc32r803.s
      At line 238 in file startup_sc32r803.s

TIMER1_IRQHandler 00000076

Symbol: TIMER1_IRQHandler
   Definitions
      At line 266 in file startup_sc32r803.s
   Uses
      At line 83 in file startup_sc32r803.s
      At line 239 in file startup_sc32r803.s

TIMER2_IRQHandler 00000076

Symbol: TIMER2_IRQHandler
   Definitions
      At line 267 in file startup_sc32r803.s
   Uses
      At line 84 in file startup_sc32r803.s
      At line 240 in file startup_sc32r803.s

TIMER3_IRQHandler 00000076

Symbol: TIMER3_IRQHandler
   Definitions
      At line 268 in file startup_sc32r803.s
   Uses
      At line 85 in file startup_sc32r803.s
      At line 241 in file startup_sc32r803.s

TIMER4_5_IRQHandler 00000076

Symbol: TIMER4_5_IRQHandler
   Definitions
      At line 269 in file startup_sc32r803.s
   Uses
      At line 86 in file startup_sc32r803.s
      At line 242 in file startup_sc32r803.s

TIMER6_7_IRQHandler 00000076

Symbol: TIMER6_7_IRQHandler
   Definitions
      At line 270 in file startup_sc32r803.s
   Uses
      At line 87 in file startup_sc32r803.s
      At line 243 in file startup_sc32r803.s

TK_IRQHandler 00000076

Symbol: TK_IRQHandler
   Definitions
      At line 276 in file startup_sc32r803.s
   Uses
      At line 98 in file startup_sc32r803.s
      At line 249 in file startup_sc32r803.s




ARM Macro Assembler    Page 6 Alphabetic symbol ordering
Relocatable symbols

TWIx_QSPIx_0_2_IRQHandler 00000076

Symbol: TWIx_QSPIx_0_2_IRQHandler
   Definitions
      At line 259 in file startup_sc32r803.s
   Uses
      At line 76 in file startup_sc32r803.s
      At line 232 in file startup_sc32r803.s

TWIx_QSPIx_1_3_IRQHandler 00000076

Symbol: TWIx_QSPIx_1_3_IRQHandler
   Definitions
      At line 260 in file startup_sc32r803.s
   Uses
      At line 77 in file startup_sc32r803.s
      At line 233 in file startup_sc32r803.s

UART0_2_4_IRQHandler 00000076

Symbol: UART0_2_4_IRQHandler
   Definitions
      At line 257 in file startup_sc32r803.s
   Uses
      At line 74 in file startup_sc32r803.s
      At line 230 in file startup_sc32r803.s

UART1_3_5_IRQHandler 00000076

Symbol: UART1_3_5_IRQHandler
   Definitions
      At line 258 in file startup_sc32r803.s
   Uses
      At line 75 in file startup_sc32r803.s
      At line 231 in file startup_sc32r803.s

UsageFault_Handler 0000006C

Symbol: UsageFault_Handler
   Definitions
      At line 200 in file startup_sc32r803.s
   Uses
      At line 55 in file startup_sc32r803.s
      At line 201 in file startup_sc32r803.s

__user_initial_stackheap 00000078

Symbol: __user_initial_stackheap
   Definitions
      At line 298 in file startup_sc32r803.s
   Uses
      At line 296 in file startup_sc32r803.s
Comment: __user_initial_stackheap used once
39 symbols



ARM Macro Assembler    Page 1 Alphabetic symbol ordering
Absolute symbols

Heap_Size 00000200

Symbol: Heap_Size
   Definitions
      At line 32 in file startup_sc32r803.s
   Uses
      At line 36 in file startup_sc32r803.s
      At line 302 in file startup_sc32r803.s

Stack_Size 00000400

Symbol: Stack_Size
   Definitions
      At line 21 in file startup_sc32r803.s
   Uses
      At line 24 in file startup_sc32r803.s
      At line 301 in file startup_sc32r803.s

__Vectors_Size 000000C0

Symbol: __Vectors_Size
   Definitions
      At line 102 in file startup_sc32r803.s
   Uses
      At line 47 in file startup_sc32r803.s
Comment: __Vectors_Size used once
3 symbols



ARM Macro Assembler    Page 1 Alphabetic symbol ordering
External symbols

SystemInit 00000000

Symbol: SystemInit
   Definitions
      At line 110 in file startup_sc32r803.s
   Uses
      At line 172 in file startup_sc32r803.s
Comment: SystemInit used once
__main 00000000

Symbol: __main
   Definitions
      At line 109 in file startup_sc32r803.s
   Uses
      At line 174 in file startup_sc32r803.s
Comment: __main used once
__use_two_region_memory 00000000

Symbol: __use_two_region_memory
   Definitions
      At line 295 in file startup_sc32r803.s
   Uses
      None
Comment: __use_two_region_memory unused
3 symbols
390 symbols in table
